<?xml version="1.0" encoding="UTF-8"?>
<!-- Generated by org.testng.reporters.JUnitXMLReporter -->
<testsuite hostname="in-madhurvk-1" ignored="1" name="ChromeTest" tests="2" failures="1" timestamp="18 Nov 2019 04:02:40 GMT" time="64.904" errors="0">
  <testcase name="validLogin" time="24.21" classname="scripts.TestValidLogin">
    <failure type="java.lang.AssertionError" message="The following asserts failed:
	expected [https://inteliserve.unisys] but found [https://inteliserve.unisys.com/demo/dashboard]">
      <![CDATA[java.lang.AssertionError: The following asserts failed:
	expected [https://inteliserve.unisys] but found [https://inteliserve.unisys.com/demo/dashboard]
	at scripts.TestValidLogin.validLogin(TestValidLogin.java:39)
... Removed 29 stack frames]]>
    </failure>
  </testcase> <!-- validLogin -->
  <testcase name="validLoginValidatioin" time="20.289" classname="scripts.TestLoginWithoutValidation"/>
  <testcase name="@AfterTest endReport" time="0.0" classname="generics.BaseTest">
    <ignored/>
  </testcase> <!-- @AfterTest endReport -->
</testsuite> <!-- ChromeTest -->
