<html>
<head>
<title>TestNG:  ChromeTest</title>
<link href="../testng.css" rel="stylesheet" type="text/css" />
<link href="../my-testng.css" rel="stylesheet" type="text/css" />

<style type="text/css">
.log { display: none;} 
.stack-trace { display: none;} 
</style>
<script type="text/javascript">
<!--
function flip(e) {
  current = e.style.display;
  if (current == 'block') {
    e.style.display = 'none';
    return 0;
  }
  else {
    e.style.display = 'block';
    return 1;
  }
}

function toggleBox(szDivId, elem, msg1, msg2)
{
  var res = -1;  if (document.getElementById) {
    res = flip(document.getElementById(szDivId));
  }
  else if (document.all) {
    // this is the way old msie versions work
    res = flip(document.all[szDivId]);
  }
  if(elem) {
    if(res == 0) elem.innerHTML = msg1; else elem.innerHTML = msg2;
  }

}

function toggleAllBoxes() {
  if (document.getElementsByTagName) {
    d = document.getElementsByTagName('div');
    for (i = 0; i < d.length; i++) {
      if (d[i].className == 'log') {
        flip(d[i]);
      }
    }
  }
}

// -->
</script>

</head>
<body>
<h2 align='center'>ChromeTest</h2><table border='1' align="center">
<tr>
<td>Tests passed/Failed/Skipped:</td><td>0/2/0</td>
</tr><tr>
<td>Started on:</td><td>Sun Nov 17 12:10:24 IST 2019</td>
</tr>
<tr><td>Total time:</td><td>44 seconds (44002 ms)</td>
</tr><tr>
<td>Included groups:</td><td></td>
</tr><tr>
<td>Excluded groups:</td><td></td>
</tr>
</table><p/>
<small><i>(Hover the method name to see the test class name)</i></small><p/>
<table width='100%' border='1' class='invocation-failed'>
<tr><td colspan='4' align='center'><b>FAILED CONFIGURATIONS</b></td></tr>
<tr><td><b>Test method</b></td>
<td width="30%"><b>Exception</b></td>
<td width="10%"><b>Time (seconds)</b></td>
<td><b>Instance</b></td>
</tr>
<tr>
<td title='scripts.TestValidLogin.endReport()'><b>endReport</b><br>Test class: scripts.TestValidLogin</td>
<td><div><pre>org.apache.commons.mail.EmailException: Sending the email to the following server failed : na-mailrelay-t3.na.uis.unisys.com:25
	at org.apache.commons.mail.Email.sendMimeMessage(Email.java:1469)
	at org.apache.commons.mail.Email.send(Email.java:1496)
	at generics.EmailsUtils.sendEmailReport(EmailsUtils.java:54)
	at generics.BaseTest.endReport(BaseTest.java:74)
Caused by: com.sun.mail.util.MailConnectException: Couldn&apos;t connect to host, port: na-mailrelay-t3.na.uis.unisys.com, 25; timeout 60000;
  nested exception is:
	java.net.UnknownHostException: na-mailrelay-t3.na.uis.unisys.com
	at com.sun.mail.smtp.SMTPTransport.openServer(SMTPTransport.java:2053)
	at com.sun.mail.smtp.SMTPTransport.protocolConnect(SMTPTransport.java:697)
	at javax.mail.Service.connect(Service.java:364)
	at javax.mail.Service.connect(Service.java:245)
	at javax.mail.Service.connect(Service.java:194)
	at javax.mail.Transport.send0(Transport.java:253)
	at javax.mail.Transport.send(Transport.java:124)
	at org.apache.commons.mail.Email.sendMimeMessage(Email.java:1459)
	... 29 more
Caused by: java.net.UnknownHostException: na-mailrelay-t3.na.uis.unisys.com
	at java.net.AbstractPlainSocketImpl.connect(AbstractPlainSocketImpl.java:184)
	at java.net.PlainSocketImpl.connect(PlainSocketImpl.java:172)
	at java.net.SocksSocketImpl.connect(SocksSocketImpl.java:392)
	at java.net.Socket.connect(Socket.java:606)
	at com.sun.mail.util.SocketFetcher.createSocket(SocketFetcher.java:310)
	at com.sun.mail.util.SocketFetcher.getSocket(SocketFetcher.java:236)
	at com.sun.mail.smtp.SMTPTransport.openServer(SMTPTransport.java:2019)
	... 36 more
... Removed 26 stack frames</pre></div><a href='#' onClick='toggleBox("stack-trace1293252487", this, "Click to show all stack frames", "Click to hide stack frames")'>Click to show all stack frames</a>
<div class='stack-trace' id='stack-trace1293252487'><pre>org.apache.commons.mail.EmailException: Sending the email to the following server failed : na-mailrelay-t3.na.uis.unisys.com:25
	at org.apache.commons.mail.Email.sendMimeMessage(Email.java:1469)
	at org.apache.commons.mail.Email.send(Email.java:1496)
	at generics.EmailsUtils.sendEmailReport(EmailsUtils.java:54)
	at generics.BaseTest.endReport(BaseTest.java:74)
	at sun.reflect.NativeMethodAccessorImpl.invoke0(Native Method)
	at sun.reflect.NativeMethodAccessorImpl.invoke(NativeMethodAccessorImpl.java:62)
	at sun.reflect.DelegatingMethodAccessorImpl.invoke(DelegatingMethodAccessorImpl.java:43)
	at java.lang.reflect.Method.invoke(Method.java:498)
	at org.testng.internal.MethodInvocationHelper.invokeMethod(MethodInvocationHelper.java:108)
	at org.testng.internal.Invoker.invokeConfigurationMethod(Invoker.java:523)
	at org.testng.internal.Invoker.invokeConfigurations(Invoker.java:224)
	at org.testng.internal.Invoker.invokeConfigurations(Invoker.java:146)
	at org.testng.TestRunner.afterRun(TestRunner.java:958)
	at org.testng.TestRunner.run(TestRunner.java:606)
	at org.testng.SuiteRunner.runTest(SuiteRunner.java:380)
	at org.testng.SuiteRunner.runSequentially(SuiteRunner.java:375)
	at org.testng.SuiteRunner.privateRun(SuiteRunner.java:340)
	at org.testng.SuiteRunner.run(SuiteRunner.java:289)
	at org.testng.SuiteRunnerWorker.runSuite(SuiteRunnerWorker.java:52)
	at org.testng.SuiteRunnerWorker.run(SuiteRunnerWorker.java:86)
	at org.testng.TestNG.runSuitesSequentially(TestNG.java:1301)
	at org.testng.TestNG.runSuitesLocally(TestNG.java:1226)
	at org.testng.TestNG.runSuites(TestNG.java:1144)
	at org.testng.TestNG.run(TestNG.java:1115)
	at org.apache.maven.surefire.testng.TestNGExecutor.run(TestNGExecutor.java:281)
	at org.apache.maven.surefire.testng.TestNGXmlTestSuite.execute(TestNGXmlTestSuite.java:75)
	at org.apache.maven.surefire.testng.TestNGProvider.invoke(TestNGProvider.java:121)
	at org.apache.maven.surefire.booter.ForkedBooter.invokeProviderInSameClassLoader(ForkedBooter.java:290)
	at org.apache.maven.surefire.booter.ForkedBooter.runSuitesInProcess(ForkedBooter.java:242)
	at org.apache.maven.surefire.booter.ForkedBooter.main(ForkedBooter.java:121)
Caused by: com.sun.mail.util.MailConnectException: Couldn&apos;t connect to host, port: na-mailrelay-t3.na.uis.unisys.com, 25; timeout 60000;
  nested exception is:
	java.net.UnknownHostException: na-mailrelay-t3.na.uis.unisys.com
	at com.sun.mail.smtp.SMTPTransport.openServer(SMTPTransport.java:2053)
	at com.sun.mail.smtp.SMTPTransport.protocolConnect(SMTPTransport.java:697)
	at javax.mail.Service.connect(Service.java:364)
	at javax.mail.Service.connect(Service.java:245)
	at javax.mail.Service.connect(Service.java:194)
	at javax.mail.Transport.send0(Transport.java:253)
	at javax.mail.Transport.send(Transport.java:124)
	at org.apache.commons.mail.Email.sendMimeMessage(Email.java:1459)
	... 29 more
Caused by: java.net.UnknownHostException: na-mailrelay-t3.na.uis.unisys.com
	at java.net.AbstractPlainSocketImpl.connect(AbstractPlainSocketImpl.java:184)
	at java.net.PlainSocketImpl.connect(PlainSocketImpl.java:172)
	at java.net.SocksSocketImpl.connect(SocksSocketImpl.java:392)
	at java.net.Socket.connect(Socket.java:606)
	at com.sun.mail.util.SocketFetcher.createSocket(SocketFetcher.java:310)
	at com.sun.mail.util.SocketFetcher.getSocket(SocketFetcher.java:236)
	at com.sun.mail.smtp.SMTPTransport.openServer(SMTPTransport.java:2019)
	... 36 more
</pre></div></td>
<td>0</td>
<td>scripts.TestValidLogin@6b67034</td></tr>
</table><p>
<table width='100%' border='1' class='invocation-failed'>
<tr><td colspan='4' align='center'><b>FAILED TESTS</b></td></tr>
<tr><td><b>Test method</b></td>
<td width="30%"><b>Exception</b></td>
<td width="10%"><b>Time (seconds)</b></td>
<td><b>Instance</b></td>
</tr>
<tr>
<td title='scripts.TestValidLogin.validLogin()'><b>validLogin</b><br>Test class: scripts.TestValidLogin<br/>
<a href="#Output-338887787" onClick='toggleBox("Output-338887787", this, "Show output", "Hide output");'>Show output</a>

<a href="#Output-338887787" onClick="toggleAllBoxes();">Show all outputs</a>
<div class='log' id="Output-338887787">
https://inteliserve.unisys.com/demo/dashboard#access_token=eyJraWQiOiIwamR1RkJHTXZsbEdHUHBHd0NqdlB0cldhdXlIWk96TjJiSGNiT3lxbktjPSIsImFsZyI6IlJTMjU2In0.eyJzdWIiOiIxNzUwYzE3My1lZjBhLTQ1ZTAtOWJkYy0wZDVkZDA2YWUzODYiLCJjb2duaXRvOmdyb3VwcyI6WyJ1cy1lYXN0LTFfQUd5ME8xRHFvX0ludGVsaUFwcEdyeW1hdHRlckF1dGgwIl0sInRva2VuX3VzZSI6ImFjY2VzcyIsInNjb3BlIjoib3BlbmlkIGVtYWlsIiwiYXV0aF90aW1lIjoxNTUwNzYyMDA0LCJpc3MiOiJodHRwczpcL1wvY29nbml0by1pZHAudXMtZWFzdC0xLmFtYXpvbmF3cy5jb21cL3VzLWVhc3QtMV9BR3kwTzFEcW8iLCJleHAiOjE1NTA3NjU2MDQsImlhdCI6MTU1MDc2MjAwNCwidmVyc2lvbiI6MiwianRpIjoiZjgzODk2NDctMjNjOC00YTJjLTk4OWItMDVjZDUwNmRiYjg4IiwiY2xpZW50X2lkIjoiM2FqOG1qMGptZDk5MHU1M2ViaTU3Y3Q4bjgiLCJ1c2VybmFtZSI6IkludGVsaUFwcEdyeW1hdHRlckF1dGgwX2F1dGgwfDViYzczOWZkYzA3YTM1N2FlN2VjNGUzNCJ9.a6ZXpRVq1t8xQHNhgJc1tXPMXQwljJSo9nylGa-f8hbPuo2ake0tXm6bfwG1fjzzIz2nYxZAznW4C5-YanGSUR87YcwyuMXb-XwK0VnS1RJHf5pNnXnJJx70S5KLJ7ScrBHyDPqXsHZmDtxV9oGar-VBBsoHqoJ0Kn1nQI0Pn7VIsHd_iaTgDOoufQFhXKklCYZZoDc_i8homkjnnuMkUAB16sYvytlgXldjeNGhqQn_mE-BDlQgiT9hOy1leyHF5IIOvYOSTEGO6Yrmkk-XcZlo0J6pvXc82ONPFq4fjt41kmsaB2MPEDwx8DXNZqi23I-pFX7OUm7ZU1Uh55d0mg&id_token=eyJraWQiOiJ1RTVxbVwvdk5PemtyWjFKWFBYSXkzY3hwaE00M25rNjBvV1Vsb0I3emt0RT0iLCJhbGciOiJSUzI1NiJ9.eyJhdF9oYXNoIjoiSVFpam5SZU9rLTFFNlY1d3h6cEt6ZyIsInN1YiI6IjE3NTBjMTczLWVmMGEtNDVlMC05YmRjLTBkNWRkMDZhZTM4NiIsImNvZ25pdG86Z3JvdXBzIjpbInVzLWVhc3QtMV9BR3kwTzFEcW9fSW50ZWxpQXBwR3J5bWF0dGVyQXV0aDAiXSwiZW1haWxfdmVyaWZpZWQiOmZhbHNlLCJpc3MiOiJodHRwczpcL1wvY29nbml0by1pZHAudXMtZWFzdC0xLmFtYXpvbmF3cy5jb21cL3VzLWVhc3QtMV9BR3kwTzFEcW8iLCJjb2duaXRvOnVzZXJuYW1lIjoiSW50ZWxpQXBwR3J5bWF0dGVyQXV0aDBfYXV0aDB8NWJjNzM5ZmRjMDdhMzU3YWU3ZWM0ZTM0IiwiYXVkIjoiM2FqOG1qMGptZDk5MHU1M2ViaTU3Y3Q4bjgiLCJpZGVudGl0aWVzIjpbeyJ1c2VySWQiOiJhdXRoMHw1YmM3MzlmZGMwN2EzNTdhZTdlYzRlMzQiLCJwcm92aWRlck5hbWUiOiJJbnRlbGlBcHBHcnltYXR0ZXJBdXRoMCIsInByb3ZpZGVyVHlwZSI6IlNBTUwiLCJpc3N1ZXIiOiJ1cm46aW50ZWxsaWFwcC5hdXRoMC5jb20iLCJwcmltYXJ5IjoidHJ1ZSIsImRhdGVDcmVhdGVkIjoiMTU0MDM0NjEzOTE1NCJ9XSwidG9rZW5fdXNlIjoiaWQiLCJhdXRoX3RpbWUiOjE1NTA3NjIwMDQsImV4cCI6MTU1MDc2NTYwNCwiaWF0IjoxNTUwNzYyMDA0LCJlbWFpbCI6InJ5YW5AZ3J5bWF0dGVyLmNvbSJ9.ZZ1k6n9siToc6ZpbZRG6F0EFK5UzJ68RCTYN1LAGGlYiO54rIdZcoGmaGRPdFVLMy0RnBgOsEKxv8-W7e1heoJj3GHJezXpney80GhxVhpFvu2HjXMNJpzrHBefKJMrjX5EjErFIH8ERGhCM87cupf9MYJSAo0jc3Rnf81R0nAsbvNI4uoyKp_USMKldliDPdRINR74PcJnp04e_Jk4gZ-lVi_xIYHdqBG5WtaexD-IvD5hizNMteywyLKTUTAc5nnTLZOtiAQqwveePIWcF6keJxpMo59p8_liQc5gB4y-vog61U-KRraNQguHIAbUh8Nk-ViPxeAtR2p9Ywt5RtA&token_type=Bearer&expires_in=3600<br/>
</div>
</td>
<td><div><pre>java.lang.AssertionError: The following asserts failed:
	expected [https://inteliserve.unisys] but found [https://inteliserve.unisys.com/demo/dashboard#access_token=eyJraWQiOiIwamR1RkJHTXZsbEdHUHBHd0NqdlB0cldhdXlIWk96TjJiSGNiT3lxbktjPSIsImFsZyI6IlJTMjU2In0.eyJzdWIiOiIxNzUwYzE3My1lZjBhLTQ1ZTAtOWJkYy0wZDVkZDA2YWUzODYiLCJjb2duaXRvOmdyb3VwcyI6WyJ1cy1lYXN0LTFfQUd5ME8xRHFvX0ludGVsaUFwcEdyeW1hdHRlckF1dGgwIl0sInRva2VuX3VzZSI6ImFjY2VzcyIsInNjb3BlIjoib3BlbmlkIGVtYWlsIiwiYXV0aF90aW1lIjoxNTUwNzYyMDA0LCJpc3MiOiJodHRwczpcL1wvY29nbml0by1pZHAudXMtZWFzdC0xLmFtYXpvbmF3cy5jb21cL3VzLWVhc3QtMV9BR3kwTzFEcW8iLCJleHAiOjE1NTA3NjU2MDQsImlhdCI6MTU1MDc2MjAwNCwidmVyc2lvbiI6MiwianRpIjoiZjgzODk2NDctMjNjOC00YTJjLTk4OWItMDVjZDUwNmRiYjg4IiwiY2xpZW50X2lkIjoiM2FqOG1qMGptZDk5MHU1M2ViaTU3Y3Q4bjgiLCJ1c2VybmFtZSI6IkludGVsaUFwcEdyeW1hdHRlckF1dGgwX2F1dGgwfDViYzczOWZkYzA3YTM1N2FlN2VjNGUzNCJ9.a6ZXpRVq1t8xQHNhgJc1tXPMXQwljJSo9nylGa-f8hbPuo2ake0tXm6bfwG1fjzzIz2nYxZAznW4C5-YanGSUR87YcwyuMXb-XwK0VnS1RJHf5pNnXnJJx70S5KLJ7ScrBHyDPqXsHZmDtxV9oGar-VBBsoHqoJ0Kn1nQI0Pn7VIsHd_iaTgDOoufQFhXKklCYZZoDc_i8homkjnnuMkUAB16sYvytlgXldjeNGhqQn_mE-BDlQgiT9hOy1leyHF5IIOvYOSTEGO6Yrmkk-XcZlo0J6pvXc82ONPFq4fjt41kmsaB2MPEDwx8DXNZqi23I-pFX7OUm7ZU1Uh55d0mg&amp;id_token=eyJraWQiOiJ1RTVxbVwvdk5PemtyWjFKWFBYSXkzY3hwaE00M25rNjBvV1Vsb0I3emt0RT0iLCJhbGciOiJSUzI1NiJ9.eyJhdF9oYXNoIjoiSVFpam5SZU9rLTFFNlY1d3h6cEt6ZyIsInN1YiI6IjE3NTBjMTczLWVmMGEtNDVlMC05YmRjLTBkNWRkMDZhZTM4NiIsImNvZ25pdG86Z3JvdXBzIjpbInVzLWVhc3QtMV9BR3kwTzFEcW9fSW50ZWxpQXBwR3J5bWF0dGVyQXV0aDAiXSwiZW1haWxfdmVyaWZpZWQiOmZhbHNlLCJpc3MiOiJodHRwczpcL1wvY29nbml0by1pZHAudXMtZWFzdC0xLmFtYXpvbmF3cy5jb21cL3VzLWVhc3QtMV9BR3kwTzFEcW8iLCJjb2duaXRvOnVzZXJuYW1lIjoiSW50ZWxpQXBwR3J5bWF0dGVyQXV0aDBfYXV0aDB8NWJjNzM5ZmRjMDdhMzU3YWU3ZWM0ZTM0IiwiYXVkIjoiM2FqOG1qMGptZDk5MHU1M2ViaTU3Y3Q4bjgiLCJpZGVudGl0aWVzIjpbeyJ1c2VySWQiOiJhdXRoMHw1YmM3MzlmZGMwN2EzNTdhZTdlYzRlMzQiLCJwcm92aWRlck5hbWUiOiJJbnRlbGlBcHBHcnltYXR0ZXJBdXRoMCIsInByb3ZpZGVyVHlwZSI6IlNBTUwiLCJpc3N1ZXIiOiJ1cm46aW50ZWxsaWFwcC5hdXRoMC5jb20iLCJwcmltYXJ5IjoidHJ1ZSIsImRhdGVDcmVhdGVkIjoiMTU0MDM0NjEzOTE1NCJ9XSwidG9rZW5fdXNlIjoiaWQiLCJhdXRoX3RpbWUiOjE1NTA3NjIwMDQsImV4cCI6MTU1MDc2NTYwNCwiaWF0IjoxNTUwNzYyMDA0LCJlbWFpbCI6InJ5YW5AZ3J5bWF0dGVyLmNvbSJ9.ZZ1k6n9siToc6ZpbZRG6F0EFK5UzJ68RCTYN1LAGGlYiO54rIdZcoGmaGRPdFVLMy0RnBgOsEKxv8-W7e1heoJj3GHJezXpney80GhxVhpFvu2HjXMNJpzrHBefKJMrjX5EjErFIH8ERGhCM87cupf9MYJSAo0jc3Rnf81R0nAsbvNI4uoyKp_USMKldliDPdRINR74PcJnp04e_Jk4gZ-lVi_xIYHdqBG5WtaexD-IvD5hizNMteywyLKTUTAc5nnTLZOtiAQqwveePIWcF6keJxpMo59p8_liQc5gB4y-vog61U-KRraNQguHIAbUh8Nk-ViPxeAtR2p9Ywt5RtA&amp;token_type=Bearer&amp;expires_in=3600]
	at scripts.TestValidLogin.validLogin(TestValidLogin.java:39)
... Removed 29 stack frames</pre></div><a href='#' onClick='toggleBox("stack-trace338887787", this, "Click to show all stack frames", "Click to hide stack frames")'>Click to show all stack frames</a>
<div class='stack-trace' id='stack-trace338887787'><pre>java.lang.AssertionError: The following asserts failed:
	expected [https://inteliserve.unisys] but found [https://inteliserve.unisys.com/demo/dashboard#access_token=eyJraWQiOiIwamR1RkJHTXZsbEdHUHBHd0NqdlB0cldhdXlIWk96TjJiSGNiT3lxbktjPSIsImFsZyI6IlJTMjU2In0.eyJzdWIiOiIxNzUwYzE3My1lZjBhLTQ1ZTAtOWJkYy0wZDVkZDA2YWUzODYiLCJjb2duaXRvOmdyb3VwcyI6WyJ1cy1lYXN0LTFfQUd5ME8xRHFvX0ludGVsaUFwcEdyeW1hdHRlckF1dGgwIl0sInRva2VuX3VzZSI6ImFjY2VzcyIsInNjb3BlIjoib3BlbmlkIGVtYWlsIiwiYXV0aF90aW1lIjoxNTUwNzYyMDA0LCJpc3MiOiJodHRwczpcL1wvY29nbml0by1pZHAudXMtZWFzdC0xLmFtYXpvbmF3cy5jb21cL3VzLWVhc3QtMV9BR3kwTzFEcW8iLCJleHAiOjE1NTA3NjU2MDQsImlhdCI6MTU1MDc2MjAwNCwidmVyc2lvbiI6MiwianRpIjoiZjgzODk2NDctMjNjOC00YTJjLTk4OWItMDVjZDUwNmRiYjg4IiwiY2xpZW50X2lkIjoiM2FqOG1qMGptZDk5MHU1M2ViaTU3Y3Q4bjgiLCJ1c2VybmFtZSI6IkludGVsaUFwcEdyeW1hdHRlckF1dGgwX2F1dGgwfDViYzczOWZkYzA3YTM1N2FlN2VjNGUzNCJ9.a6ZXpRVq1t8xQHNhgJc1tXPMXQwljJSo9nylGa-f8hbPuo2ake0tXm6bfwG1fjzzIz2nYxZAznW4C5-YanGSUR87YcwyuMXb-XwK0VnS1RJHf5pNnXnJJx70S5KLJ7ScrBHyDPqXsHZmDtxV9oGar-VBBsoHqoJ0Kn1nQI0Pn7VIsHd_iaTgDOoufQFhXKklCYZZoDc_i8homkjnnuMkUAB16sYvytlgXldjeNGhqQn_mE-BDlQgiT9hOy1leyHF5IIOvYOSTEGO6Yrmkk-XcZlo0J6pvXc82ONPFq4fjt41kmsaB2MPEDwx8DXNZqi23I-pFX7OUm7ZU1Uh55d0mg&amp;id_token=eyJraWQiOiJ1RTVxbVwvdk5PemtyWjFKWFBYSXkzY3hwaE00M25rNjBvV1Vsb0I3emt0RT0iLCJhbGciOiJSUzI1NiJ9.eyJhdF9oYXNoIjoiSVFpam5SZU9rLTFFNlY1d3h6cEt6ZyIsInN1YiI6IjE3NTBjMTczLWVmMGEtNDVlMC05YmRjLTBkNWRkMDZhZTM4NiIsImNvZ25pdG86Z3JvdXBzIjpbInVzLWVhc3QtMV9BR3kwTzFEcW9fSW50ZWxpQXBwR3J5bWF0dGVyQXV0aDAiXSwiZW1haWxfdmVyaWZpZWQiOmZhbHNlLCJpc3MiOiJodHRwczpcL1wvY29nbml0by1pZHAudXMtZWFzdC0xLmFtYXpvbmF3cy5jb21cL3VzLWVhc3QtMV9BR3kwTzFEcW8iLCJjb2duaXRvOnVzZXJuYW1lIjoiSW50ZWxpQXBwR3J5bWF0dGVyQXV0aDBfYXV0aDB8NWJjNzM5ZmRjMDdhMzU3YWU3ZWM0ZTM0IiwiYXVkIjoiM2FqOG1qMGptZDk5MHU1M2ViaTU3Y3Q4bjgiLCJpZGVudGl0aWVzIjpbeyJ1c2VySWQiOiJhdXRoMHw1YmM3MzlmZGMwN2EzNTdhZTdlYzRlMzQiLCJwcm92aWRlck5hbWUiOiJJbnRlbGlBcHBHcnltYXR0ZXJBdXRoMCIsInByb3ZpZGVyVHlwZSI6IlNBTUwiLCJpc3N1ZXIiOiJ1cm46aW50ZWxsaWFwcC5hdXRoMC5jb20iLCJwcmltYXJ5IjoidHJ1ZSIsImRhdGVDcmVhdGVkIjoiMTU0MDM0NjEzOTE1NCJ9XSwidG9rZW5fdXNlIjoiaWQiLCJhdXRoX3RpbWUiOjE1NTA3NjIwMDQsImV4cCI6MTU1MDc2NTYwNCwiaWF0IjoxNTUwNzYyMDA0LCJlbWFpbCI6InJ5YW5AZ3J5bWF0dGVyLmNvbSJ9.ZZ1k6n9siToc6ZpbZRG6F0EFK5UzJ68RCTYN1LAGGlYiO54rIdZcoGmaGRPdFVLMy0RnBgOsEKxv8-W7e1heoJj3GHJezXpney80GhxVhpFvu2HjXMNJpzrHBefKJMrjX5EjErFIH8ERGhCM87cupf9MYJSAo0jc3Rnf81R0nAsbvNI4uoyKp_USMKldliDPdRINR74PcJnp04e_Jk4gZ-lVi_xIYHdqBG5WtaexD-IvD5hizNMteywyLKTUTAc5nnTLZOtiAQqwveePIWcF6keJxpMo59p8_liQc5gB4y-vog61U-KRraNQguHIAbUh8Nk-ViPxeAtR2p9Ywt5RtA&amp;token_type=Bearer&amp;expires_in=3600]
	at org.testng.asserts.SoftAssert.assertAll(SoftAssert.java:43)
	at scripts.TestValidLogin.validLogin(TestValidLogin.java:39)
	at sun.reflect.NativeMethodAccessorImpl.invoke0(Native Method)
	at sun.reflect.NativeMethodAccessorImpl.invoke(NativeMethodAccessorImpl.java:62)
	at sun.reflect.DelegatingMethodAccessorImpl.invoke(DelegatingMethodAccessorImpl.java:43)
	at java.lang.reflect.Method.invoke(Method.java:498)
	at org.testng.internal.MethodInvocationHelper.invokeMethod(MethodInvocationHelper.java:108)
	at org.testng.internal.Invoker.invokeMethod(Invoker.java:661)
	at org.testng.internal.Invoker.invokeTestMethod(Invoker.java:869)
	at org.testng.internal.Invoker.invokeTestMethods(Invoker.java:1193)
	at org.testng.internal.TestMethodWorker.invokeTestMethods(TestMethodWorker.java:126)
	at org.testng.internal.TestMethodWorker.run(TestMethodWorker.java:109)
	at org.testng.TestRunner.privateRun(TestRunner.java:744)
	at org.testng.TestRunner.run(TestRunner.java:602)
	at org.testng.SuiteRunner.runTest(SuiteRunner.java:380)
	at org.testng.SuiteRunner.runSequentially(SuiteRunner.java:375)
	at org.testng.SuiteRunner.privateRun(SuiteRunner.java:340)
	at org.testng.SuiteRunner.run(SuiteRunner.java:289)
	at org.testng.SuiteRunnerWorker.runSuite(SuiteRunnerWorker.java:52)
	at org.testng.SuiteRunnerWorker.run(SuiteRunnerWorker.java:86)
	at org.testng.TestNG.runSuitesSequentially(TestNG.java:1301)
	at org.testng.TestNG.runSuitesLocally(TestNG.java:1226)
	at org.testng.TestNG.runSuites(TestNG.java:1144)
	at org.testng.TestNG.run(TestNG.java:1115)
	at org.apache.maven.surefire.testng.TestNGExecutor.run(TestNGExecutor.java:281)
	at org.apache.maven.surefire.testng.TestNGXmlTestSuite.execute(TestNGXmlTestSuite.java:75)
	at org.apache.maven.surefire.testng.TestNGProvider.invoke(TestNGProvider.java:121)
	at org.apache.maven.surefire.booter.ForkedBooter.invokeProviderInSameClassLoader(ForkedBooter.java:290)
	at org.apache.maven.surefire.booter.ForkedBooter.runSuitesInProcess(ForkedBooter.java:242)
	at org.apache.maven.surefire.booter.ForkedBooter.main(ForkedBooter.java:121)
</pre></div></td>
<td>12</td>
<td>scripts.TestValidLogin@6b67034</td></tr>
<tr>
<td title='scripts.TestLoginWithoutValidation.validLoginValidatioin()'><b>validLoginValidatioin</b><br>Test class: scripts.TestLoginWithoutValidation</td>
<td><div><pre>java.lang.AssertionError: The following asserts failed:
	expected [https://inteliserve.unisys.com/demo/dashboard] but found [https://inteliserve.unisys.com/demo/dashboard#access_token=eyJraWQiOiIwamR1RkJHTXZsbEdHUHBHd0NqdlB0cldhdXlIWk96TjJiSGNiT3lxbktjPSIsImFsZyI6IlJTMjU2In0.eyJzdWIiOiIxNzUwYzE3My1lZjBhLTQ1ZTAtOWJkYy0wZDVkZDA2YWUzODYiLCJjb2duaXRvOmdyb3VwcyI6WyJ1cy1lYXN0LTFfQUd5ME8xRHFvX0ludGVsaUFwcEdyeW1hdHRlckF1dGgwIl0sInRva2VuX3VzZSI6ImFjY2VzcyIsInNjb3BlIjoib3BlbmlkIGVtYWlsIiwiYXV0aF90aW1lIjoxNTUwNzYyMDA0LCJpc3MiOiJodHRwczpcL1wvY29nbml0by1pZHAudXMtZWFzdC0xLmFtYXpvbmF3cy5jb21cL3VzLWVhc3QtMV9BR3kwTzFEcW8iLCJleHAiOjE1NTA3NjU2MDQsImlhdCI6MTU1MDc2MjAwNCwidmVyc2lvbiI6MiwianRpIjoiZjgzODk2NDctMjNjOC00YTJjLTk4OWItMDVjZDUwNmRiYjg4IiwiY2xpZW50X2lkIjoiM2FqOG1qMGptZDk5MHU1M2ViaTU3Y3Q4bjgiLCJ1c2VybmFtZSI6IkludGVsaUFwcEdyeW1hdHRlckF1dGgwX2F1dGgwfDViYzczOWZkYzA3YTM1N2FlN2VjNGUzNCJ9.a6ZXpRVq1t8xQHNhgJc1tXPMXQwljJSo9nylGa-f8hbPuo2ake0tXm6bfwG1fjzzIz2nYxZAznW4C5-YanGSUR87YcwyuMXb-XwK0VnS1RJHf5pNnXnJJx70S5KLJ7ScrBHyDPqXsHZmDtxV9oGar-VBBsoHqoJ0Kn1nQI0Pn7VIsHd_iaTgDOoufQFhXKklCYZZoDc_i8homkjnnuMkUAB16sYvytlgXldjeNGhqQn_mE-BDlQgiT9hOy1leyHF5IIOvYOSTEGO6Yrmkk-XcZlo0J6pvXc82ONPFq4fjt41kmsaB2MPEDwx8DXNZqi23I-pFX7OUm7ZU1Uh55d0mg&amp;id_token=eyJraWQiOiJ1RTVxbVwvdk5PemtyWjFKWFBYSXkzY3hwaE00M25rNjBvV1Vsb0I3emt0RT0iLCJhbGciOiJSUzI1NiJ9.eyJhdF9oYXNoIjoiSVFpam5SZU9rLTFFNlY1d3h6cEt6ZyIsInN1YiI6IjE3NTBjMTczLWVmMGEtNDVlMC05YmRjLTBkNWRkMDZhZTM4NiIsImNvZ25pdG86Z3JvdXBzIjpbInVzLWVhc3QtMV9BR3kwTzFEcW9fSW50ZWxpQXBwR3J5bWF0dGVyQXV0aDAiXSwiZW1haWxfdmVyaWZpZWQiOmZhbHNlLCJpc3MiOiJodHRwczpcL1wvY29nbml0by1pZHAudXMtZWFzdC0xLmFtYXpvbmF3cy5jb21cL3VzLWVhc3QtMV9BR3kwTzFEcW8iLCJjb2duaXRvOnVzZXJuYW1lIjoiSW50ZWxpQXBwR3J5bWF0dGVyQXV0aDBfYXV0aDB8NWJjNzM5ZmRjMDdhMzU3YWU3ZWM0ZTM0IiwiYXVkIjoiM2FqOG1qMGptZDk5MHU1M2ViaTU3Y3Q4bjgiLCJpZGVudGl0aWVzIjpbeyJ1c2VySWQiOiJhdXRoMHw1YmM3MzlmZGMwN2EzNTdhZTdlYzRlMzQiLCJwcm92aWRlck5hbWUiOiJJbnRlbGlBcHBHcnltYXR0ZXJBdXRoMCIsInByb3ZpZGVyVHlwZSI6IlNBTUwiLCJpc3N1ZXIiOiJ1cm46aW50ZWxsaWFwcC5hdXRoMC5jb20iLCJwcmltYXJ5IjoidHJ1ZSIsImRhdGVDcmVhdGVkIjoiMTU0MDM0NjEzOTE1NCJ9XSwidG9rZW5fdXNlIjoiaWQiLCJhdXRoX3RpbWUiOjE1NTA3NjIwMDQsImV4cCI6MTU1MDc2NTYwNCwiaWF0IjoxNTUwNzYyMDA0LCJlbWFpbCI6InJ5YW5AZ3J5bWF0dGVyLmNvbSJ9.ZZ1k6n9siToc6ZpbZRG6F0EFK5UzJ68RCTYN1LAGGlYiO54rIdZcoGmaGRPdFVLMy0RnBgOsEKxv8-W7e1heoJj3GHJezXpney80GhxVhpFvu2HjXMNJpzrHBefKJMrjX5EjErFIH8ERGhCM87cupf9MYJSAo0jc3Rnf81R0nAsbvNI4uoyKp_USMKldliDPdRINR74PcJnp04e_Jk4gZ-lVi_xIYHdqBG5WtaexD-IvD5hizNMteywyLKTUTAc5nnTLZOtiAQqwveePIWcF6keJxpMo59p8_liQc5gB4y-vog61U-KRraNQguHIAbUh8Nk-ViPxeAtR2p9Ywt5RtA&amp;token_type=Bearer&amp;expires_in=3600]
	at scripts.TestLoginWithoutValidation.validLoginValidatioin(TestLoginWithoutValidation.java:39)
... Removed 29 stack frames</pre></div><a href='#' onClick='toggleBox("stack-trace483525032", this, "Click to show all stack frames", "Click to hide stack frames")'>Click to show all stack frames</a>
<div class='stack-trace' id='stack-trace483525032'><pre>java.lang.AssertionError: The following asserts failed:
	expected [https://inteliserve.unisys.com/demo/dashboard] but found [https://inteliserve.unisys.com/demo/dashboard#access_token=eyJraWQiOiIwamR1RkJHTXZsbEdHUHBHd0NqdlB0cldhdXlIWk96TjJiSGNiT3lxbktjPSIsImFsZyI6IlJTMjU2In0.eyJzdWIiOiIxNzUwYzE3My1lZjBhLTQ1ZTAtOWJkYy0wZDVkZDA2YWUzODYiLCJjb2duaXRvOmdyb3VwcyI6WyJ1cy1lYXN0LTFfQUd5ME8xRHFvX0ludGVsaUFwcEdyeW1hdHRlckF1dGgwIl0sInRva2VuX3VzZSI6ImFjY2VzcyIsInNjb3BlIjoib3BlbmlkIGVtYWlsIiwiYXV0aF90aW1lIjoxNTUwNzYyMDA0LCJpc3MiOiJodHRwczpcL1wvY29nbml0by1pZHAudXMtZWFzdC0xLmFtYXpvbmF3cy5jb21cL3VzLWVhc3QtMV9BR3kwTzFEcW8iLCJleHAiOjE1NTA3NjU2MDQsImlhdCI6MTU1MDc2MjAwNCwidmVyc2lvbiI6MiwianRpIjoiZjgzODk2NDctMjNjOC00YTJjLTk4OWItMDVjZDUwNmRiYjg4IiwiY2xpZW50X2lkIjoiM2FqOG1qMGptZDk5MHU1M2ViaTU3Y3Q4bjgiLCJ1c2VybmFtZSI6IkludGVsaUFwcEdyeW1hdHRlckF1dGgwX2F1dGgwfDViYzczOWZkYzA3YTM1N2FlN2VjNGUzNCJ9.a6ZXpRVq1t8xQHNhgJc1tXPMXQwljJSo9nylGa-f8hbPuo2ake0tXm6bfwG1fjzzIz2nYxZAznW4C5-YanGSUR87YcwyuMXb-XwK0VnS1RJHf5pNnXnJJx70S5KLJ7ScrBHyDPqXsHZmDtxV9oGar-VBBsoHqoJ0Kn1nQI0Pn7VIsHd_iaTgDOoufQFhXKklCYZZoDc_i8homkjnnuMkUAB16sYvytlgXldjeNGhqQn_mE-BDlQgiT9hOy1leyHF5IIOvYOSTEGO6Yrmkk-XcZlo0J6pvXc82ONPFq4fjt41kmsaB2MPEDwx8DXNZqi23I-pFX7OUm7ZU1Uh55d0mg&amp;id_token=eyJraWQiOiJ1RTVxbVwvdk5PemtyWjFKWFBYSXkzY3hwaE00M25rNjBvV1Vsb0I3emt0RT0iLCJhbGciOiJSUzI1NiJ9.eyJhdF9oYXNoIjoiSVFpam5SZU9rLTFFNlY1d3h6cEt6ZyIsInN1YiI6IjE3NTBjMTczLWVmMGEtNDVlMC05YmRjLTBkNWRkMDZhZTM4NiIsImNvZ25pdG86Z3JvdXBzIjpbInVzLWVhc3QtMV9BR3kwTzFEcW9fSW50ZWxpQXBwR3J5bWF0dGVyQXV0aDAiXSwiZW1haWxfdmVyaWZpZWQiOmZhbHNlLCJpc3MiOiJodHRwczpcL1wvY29nbml0by1pZHAudXMtZWFzdC0xLmFtYXpvbmF3cy5jb21cL3VzLWVhc3QtMV9BR3kwTzFEcW8iLCJjb2duaXRvOnVzZXJuYW1lIjoiSW50ZWxpQXBwR3J5bWF0dGVyQXV0aDBfYXV0aDB8NWJjNzM5ZmRjMDdhMzU3YWU3ZWM0ZTM0IiwiYXVkIjoiM2FqOG1qMGptZDk5MHU1M2ViaTU3Y3Q4bjgiLCJpZGVudGl0aWVzIjpbeyJ1c2VySWQiOiJhdXRoMHw1YmM3MzlmZGMwN2EzNTdhZTdlYzRlMzQiLCJwcm92aWRlck5hbWUiOiJJbnRlbGlBcHBHcnltYXR0ZXJBdXRoMCIsInByb3ZpZGVyVHlwZSI6IlNBTUwiLCJpc3N1ZXIiOiJ1cm46aW50ZWxsaWFwcC5hdXRoMC5jb20iLCJwcmltYXJ5IjoidHJ1ZSIsImRhdGVDcmVhdGVkIjoiMTU0MDM0NjEzOTE1NCJ9XSwidG9rZW5fdXNlIjoiaWQiLCJhdXRoX3RpbWUiOjE1NTA3NjIwMDQsImV4cCI6MTU1MDc2NTYwNCwiaWF0IjoxNTUwNzYyMDA0LCJlbWFpbCI6InJ5YW5AZ3J5bWF0dGVyLmNvbSJ9.ZZ1k6n9siToc6ZpbZRG6F0EFK5UzJ68RCTYN1LAGGlYiO54rIdZcoGmaGRPdFVLMy0RnBgOsEKxv8-W7e1heoJj3GHJezXpney80GhxVhpFvu2HjXMNJpzrHBefKJMrjX5EjErFIH8ERGhCM87cupf9MYJSAo0jc3Rnf81R0nAsbvNI4uoyKp_USMKldliDPdRINR74PcJnp04e_Jk4gZ-lVi_xIYHdqBG5WtaexD-IvD5hizNMteywyLKTUTAc5nnTLZOtiAQqwveePIWcF6keJxpMo59p8_liQc5gB4y-vog61U-KRraNQguHIAbUh8Nk-ViPxeAtR2p9Ywt5RtA&amp;token_type=Bearer&amp;expires_in=3600]
	at org.testng.asserts.SoftAssert.assertAll(SoftAssert.java:43)
	at scripts.TestLoginWithoutValidation.validLoginValidatioin(TestLoginWithoutValidation.java:39)
	at sun.reflect.NativeMethodAccessorImpl.invoke0(Native Method)
	at sun.reflect.NativeMethodAccessorImpl.invoke(NativeMethodAccessorImpl.java:62)
	at sun.reflect.DelegatingMethodAccessorImpl.invoke(DelegatingMethodAccessorImpl.java:43)
	at java.lang.reflect.Method.invoke(Method.java:498)
	at org.testng.internal.MethodInvocationHelper.invokeMethod(MethodInvocationHelper.java:108)
	at org.testng.internal.Invoker.invokeMethod(Invoker.java:661)
	at org.testng.internal.Invoker.invokeTestMethod(Invoker.java:869)
	at org.testng.internal.Invoker.invokeTestMethods(Invoker.java:1193)
	at org.testng.internal.TestMethodWorker.invokeTestMethods(TestMethodWorker.java:126)
	at org.testng.internal.TestMethodWorker.run(TestMethodWorker.java:109)
	at org.testng.TestRunner.privateRun(TestRunner.java:744)
	at org.testng.TestRunner.run(TestRunner.java:602)
	at org.testng.SuiteRunner.runTest(SuiteRunner.java:380)
	at org.testng.SuiteRunner.runSequentially(SuiteRunner.java:375)
	at org.testng.SuiteRunner.privateRun(SuiteRunner.java:340)
	at org.testng.SuiteRunner.run(SuiteRunner.java:289)
	at org.testng.SuiteRunnerWorker.runSuite(SuiteRunnerWorker.java:52)
	at org.testng.SuiteRunnerWorker.run(SuiteRunnerWorker.java:86)
	at org.testng.TestNG.runSuitesSequentially(TestNG.java:1301)
	at org.testng.TestNG.runSuitesLocally(TestNG.java:1226)
	at org.testng.TestNG.runSuites(TestNG.java:1144)
	at org.testng.TestNG.run(TestNG.java:1115)
	at org.apache.maven.surefire.testng.TestNGExecutor.run(TestNGExecutor.java:281)
	at org.apache.maven.surefire.testng.TestNGXmlTestSuite.execute(TestNGXmlTestSuite.java:75)
	at org.apache.maven.surefire.testng.TestNGProvider.invoke(TestNGProvider.java:121)
	at org.apache.maven.surefire.booter.ForkedBooter.invokeProviderInSameClassLoader(ForkedBooter.java:290)
	at org.apache.maven.surefire.booter.ForkedBooter.runSuitesInProcess(ForkedBooter.java:242)
	at org.apache.maven.surefire.booter.ForkedBooter.main(ForkedBooter.java:121)
</pre></div></td>
<td>12</td>
<td>scripts.TestLoginWithoutValidation@16267862</td></tr>
</table><p>
</body>
</html>