<?xml version="1.0" encoding="UTF-8"?>
<testng-results skipped="0" failed="1" ignored="2" total="4" passed="1">
  <reporter-output>
    <line>
      <![CDATA[https://inteliserve.unisys.com/demo/dashboard]]>
    </line>
  </reporter-output>
  <suite name="Suite" duration-ms="60126" started-at="2019-11-18T04:20:54Z" finished-at="2019-11-18T04:21:54Z">
    <groups>
    </groups>
    <test name="ChromeTest" duration-ms="60126" started-at="2019-11-18T04:20:54Z" finished-at="2019-11-18T04:21:54Z">
      <class name="scripts.TestValidLogin">
        <test-method status="PASS" signature="setextent()[pri:0, instance:scripts.TestValidLogin@5f9d02cb]" name="setextent" is-config="true" duration-ms="333" started-at="2019-11-18T09:50:54Z" finished-at="2019-11-18T09:50:55Z">
          <reporter-output>
          </reporter-output>
        </test-method> <!-- setextent -->
        <test-method status="PASS" signature="openApplication()[pri:0, instance:scripts.TestValidLogin@5f9d02cb]" name="openApplication" is-config="true" duration-ms="8723" started-at="2019-11-18T09:50:55Z" finished-at="2019-11-18T09:51:03Z">
          <reporter-output>
          </reporter-output>
        </test-method> <!-- openApplication -->
        <test-method status="FAIL" signature="validLogin()[pri:0, instance:scripts.TestValidLogin@5f9d02cb]" name="validLogin" duration-ms="21685" started-at="2019-11-18T09:51:03Z" finished-at="2019-11-18T09:51:25Z">
          <exception class="java.lang.AssertionError">
            <message>
              <![CDATA[The following asserts failed:
	expected [https://inteliserve.unisys] but found [https://inteliserve.unisys.com/demo/dashboard]]]>
            </message>
            <full-stacktrace>
              <![CDATA[java.lang.AssertionError: The following asserts failed:
	expected [https://inteliserve.unisys] but found [https://inteliserve.unisys.com/demo/dashboard]
	at org.testng.asserts.SoftAssert.assertAll(SoftAssert.java:43)
	at scripts.TestValidLogin.validLogin(TestValidLogin.java:39)
	at sun.reflect.NativeMethodAccessorImpl.invoke0(Native Method)
	at sun.reflect.NativeMethodAccessorImpl.invoke(Unknown Source)
	at sun.reflect.DelegatingMethodAccessorImpl.invoke(Unknown Source)
	at java.lang.reflect.Method.invoke(Unknown Source)
	at org.testng.internal.MethodInvocationHelper.invokeMethod(MethodInvocationHelper.java:108)
	at org.testng.internal.Invoker.invokeMethod(Invoker.java:661)
	at org.testng.internal.Invoker.invokeTestMethod(Invoker.java:869)
	at org.testng.internal.Invoker.invokeTestMethods(Invoker.java:1193)
	at org.testng.internal.TestMethodWorker.invokeTestMethods(TestMethodWorker.java:126)
	at org.testng.internal.TestMethodWorker.run(TestMethodWorker.java:109)
	at org.testng.TestRunner.privateRun(TestRunner.java:744)
	at org.testng.TestRunner.run(TestRunner.java:602)
	at org.testng.SuiteRunner.runTest(SuiteRunner.java:380)
	at org.testng.SuiteRunner.runSequentially(SuiteRunner.java:375)
	at org.testng.SuiteRunner.privateRun(SuiteRunner.java:340)
	at org.testng.SuiteRunner.run(SuiteRunner.java:289)
	at org.testng.SuiteRunnerWorker.runSuite(SuiteRunnerWorker.java:52)
	at org.testng.SuiteRunnerWorker.run(SuiteRunnerWorker.java:86)
	at org.testng.TestNG.runSuitesSequentially(TestNG.java:1301)
	at org.testng.TestNG.runSuitesLocally(TestNG.java:1226)
	at org.testng.TestNG.runSuites(TestNG.java:1144)
	at org.testng.TestNG.run(TestNG.java:1115)
	at org.testng.remote.AbstractRemoteTestNG.run(AbstractRemoteTestNG.java:115)
	at org.testng.remote.RemoteTestNG.initAndRun(RemoteTestNG.java:251)
	at org.testng.remote.RemoteTestNG.main(RemoteTestNG.java:77)
]]>
            </full-stacktrace>
          </exception> <!-- java.lang.AssertionError -->
          <reporter-output>
            <line>
              <![CDATA[https://inteliserve.unisys.com/demo/dashboard]]>
            </line>
          </reporter-output>
        </test-method> <!-- validLogin -->
        <test-method status="PASS" signature="closeBrowser(org.testng.ITestResult)[pri:0, instance:scripts.TestValidLogin@5f9d02cb]" name="closeBrowser" is-config="true" duration-ms="875" started-at="2019-11-18T09:51:25Z" finished-at="2019-11-18T09:51:26Z">
          <params>
            <param index="0">
              <value>
                <![CDATA[[TestResult name=validLogin status=FAILURE method=TestValidLogin.validLogin()[pri:0, instance:scripts.TestValidLogin@5f9d02cb] output=https://inteliserve.unisys.com/demo/dashboard]]]>
              </value>
            </param>
          </params>
          <reporter-output>
          </reporter-output>
        </test-method> <!-- closeBrowser -->
        <test-method status="PASS" signature="endReport()[pri:0, instance:scripts.TestValidLogin@5f9d02cb]" name="endReport" is-config="true" duration-ms="391" started-at="2019-11-18T09:51:54Z" finished-at="2019-11-18T09:51:54Z">
          <reporter-output>
          </reporter-output>
        </test-method> <!-- endReport -->
      </class> <!-- scripts.TestValidLogin -->
      <class name="scripts.TestLoginWithoutValidation">
        <test-method status="PASS" signature="openApplication()[pri:0, instance:scripts.TestLoginWithoutValidation@63753b6d]" name="openApplication" is-config="true" duration-ms="6731" started-at="2019-11-18T09:51:26Z" finished-at="2019-11-18T09:51:33Z">
          <reporter-output>
          </reporter-output>
        </test-method> <!-- openApplication -->
        <test-method status="PASS" signature="validLoginValidatioin()[pri:0, instance:scripts.TestLoginWithoutValidation@63753b6d]" name="validLoginValidatioin" duration-ms="20944" started-at="2019-11-18T09:51:33Z" finished-at="2019-11-18T09:51:54Z">
          <reporter-output>
          </reporter-output>
        </test-method> <!-- validLoginValidatioin -->
        <test-method status="PASS" signature="closeBrowser(org.testng.ITestResult)[pri:0, instance:scripts.TestLoginWithoutValidation@63753b6d]" name="closeBrowser" is-config="true" duration-ms="402" started-at="2019-11-18T09:51:54Z" finished-at="2019-11-18T09:51:54Z">
          <params>
            <param index="0">
              <value>
                <![CDATA[[TestResult name=validLoginValidatioin status=SUCCESS method=TestLoginWithoutValidation.validLoginValidatioin()[pri:0, instance:scripts.TestLoginWithoutValidation@63753b6d] output={null}]]]>
              </value>
            </param>
          </params>
          <reporter-output>
          </reporter-output>
        </test-method> <!-- closeBrowser -->
      </class> <!-- scripts.TestLoginWithoutValidation -->
    </test> <!-- ChromeTest -->
  </suite> <!-- Suite -->
</testng-results>
